{"C:\\code\\form_flow\\src\\core\\api.ts": {"path":"C:\\code\\form_flow\\src\\core\\api.ts","statementMap":{"0":{"start":{"line":2,"column":0},"end":{"line":2,"column":28}},"1":{"start":{"line":5,"column":27},"end":{"line":42,"column":1}},"2":{"start":{"line":8,"column":2},"end":{"line":41,"column":4}},"3":{"start":{"line":8,"column":52},"end":{"line":41,"column":4}},"4":{"start":{"line":9,"column":21},"end":{"line":9,"column":63}},"5":{"start":{"line":12,"column":4},"end":{"line":15,"column":5}},"6":{"start":{"line":13,"column":25},"end":{"line":13,"column":53}},"7":{"start":{"line":14,"column":6},"end":{"line":14,"column":40}},"8":{"start":{"line":14,"column":22},"end":{"line":14,"column":40}},"9":{"start":{"line":18,"column":25},"end":{"line":19,"column":null}},"10":{"start":{"line":19,"column":6},"end":{"line":19,"column":41}},"11":{"start":{"line":23,"column":21},"end":{"line":27,"column":6}},"12":{"start":{"line":29,"column":4},"end":{"line":31,"column":5}},"13":{"start":{"line":30,"column":6},"end":{"line":30,"column":64}},"14":{"start":{"line":33,"column":18},"end":{"line":33,"column":39}},"15":{"start":{"line":36,"column":4},"end":{"line":38,"column":5}},"16":{"start":{"line":37,"column":6},"end":{"line":37,"column":32}},"17":{"start":{"line":40,"column":4},"end":{"line":40,"column":16}},"18":{"start":{"line":5,"column":13},"end":{"line":5,"column":27}},"19":{"start":{"line":44,"column":30},"end":{"line":70,"column":1}},"20":{"start":{"line":45,"column":2},"end":{"line":69,"column":4}},"21":{"start":{"line":45,"column":51},"end":{"line":69,"column":4}},"22":{"start":{"line":46,"column":4},"end":{"line":68,"column":5}},"23":{"start":{"line":47,"column":22},"end":{"line":47,"column":99}},"24":{"start":{"line":49,"column":23},"end":{"line":56,"column":8}},"25":{"start":{"line":58,"column":6},"end":{"line":60,"column":7}},"26":{"start":{"line":59,"column":8},"end":{"line":59,"column":36}},"27":{"start":{"line":62,"column":20},"end":{"line":62,"column":41}},"28":{"start":{"line":63,"column":6},"end":{"line":63,"column":31}},"29":{"start":{"line":64,"column":6},"end":{"line":64,"column":18}},"30":{"start":{"line":66,"column":6},"end":{"line":66,"column":30}},"31":{"start":{"line":67,"column":6},"end":{"line":67,"column":18}},"32":{"start":{"line":44,"column":13},"end":{"line":44,"column":30}}},"fnMap":{"0":{"name":"(anonymous_7)","decl":{"start":{"line":5,"column":27},"end":{"line":5,"column":null}},"loc":{"start":{"line":7,"column":4},"end":{"line":42,"column":1}}},"1":{"name":"(anonymous_8)","decl":{"start":{"line":8,"column":9},"end":{"line":8,"column":16}},"loc":{"start":{"line":8,"column":52},"end":{"line":41,"column":4}}},"2":{"name":"(anonymous_9)","decl":{"start":{"line":8,"column":52},"end":{"line":8,"column":null}},"loc":{"start":{"line":8,"column":52},"end":{"line":41,"column":3}}},"3":{"name":"(anonymous_10)","decl":{"start":{"line":18,"column":56},"end":{"line":18,"column":57}},"loc":{"start":{"line":19,"column":6},"end":{"line":19,"column":41}}},"4":{"name":"(anonymous_11)","decl":{"start":{"line":44,"column":30},"end":{"line":44,"column":48}},"loc":{"start":{"line":44,"column":91},"end":{"line":70,"column":1}}},"5":{"name":"(anonymous_12)","decl":{"start":{"line":45,"column":9},"end":{"line":45,"column":16}},"loc":{"start":{"line":45,"column":51},"end":{"line":69,"column":4}}},"6":{"name":"(anonymous_13)","decl":{"start":{"line":45,"column":51},"end":{"line":45,"column":null}},"loc":{"start":{"line":45,"column":51},"end":{"line":69,"column":3}}}},"branchMap":{"0":{"loc":{"start":{"line":12,"column":4},"end":{"line":15,"column":5}},"type":"if","locations":[{"start":{"line":12,"column":4},"end":{"line":15,"column":5}}]},"1":{"loc":{"start":{"line":12,"column":8},"end":{"line":12,"column":49}},"type":"binary-expr","locations":[{"start":{"line":12,"column":8},"end":{"line":12,"column":31}},{"start":{"line":12,"column":35},"end":{"line":12,"column":49}}]},"2":{"loc":{"start":{"line":14,"column":6},"end":{"line":14,"column":40}},"type":"if","locations":[{"start":{"line":14,"column":6},"end":{"line":14,"column":40}}]},"3":{"loc":{"start":{"line":24,"column":14},"end":{"line":24,"column":36}},"type":"binary-expr","locations":[{"start":{"line":24,"column":14},"end":{"line":24,"column":27}},{"start":{"line":24,"column":31},"end":{"line":24,"column":36}}]},"4":{"loc":{"start":{"line":26,"column":12},"end":{"line":26,"column":72}},"type":"cond-expr","locations":[{"start":{"line":26,"column":38},"end":{"line":26,"column":60}},{"start":{"line":26,"column":63},"end":{"line":26,"column":72}}]},"5":{"loc":{"start":{"line":29,"column":4},"end":{"line":31,"column":5}},"type":"if","locations":[{"start":{"line":29,"column":4},"end":{"line":31,"column":5}}]},"6":{"loc":{"start":{"line":36,"column":4},"end":{"line":38,"column":5}},"type":"if","locations":[{"start":{"line":36,"column":4},"end":{"line":38,"column":5}}]},"7":{"loc":{"start":{"line":36,"column":8},"end":{"line":36,"column":49}},"type":"binary-expr","locations":[{"start":{"line":36,"column":8},"end":{"line":36,"column":31}},{"start":{"line":36,"column":35},"end":{"line":36,"column":49}}]},"8":{"loc":{"start":{"line":47,"column":22},"end":{"line":47,"column":99}},"type":"cond-expr","locations":[{"start":{"line":47,"column":61},"end":{"line":47,"column":82}},{"start":{"line":47,"column":85},"end":{"line":47,"column":99}}]},"9":{"loc":{"start":{"line":58,"column":6},"end":{"line":60,"column":7}},"type":"if","locations":[{"start":{"line":58,"column":6},"end":{"line":60,"column":7}}]},"10":{"loc":{"start":{"line":63,"column":6},"end":{"line":63,"column":30}},"type":"cond-expr","locations":[{"start":{"line":63,"column":22},"end":{"line":63,"column":25}},{"start":{"line":63,"column":22},"end":{"line":63,"column":30}}]},"11":{"loc":{"start":{"line":63,"column":6},"end":{"line":63,"column":25}},"type":"binary-expr","locations":[{"start":{"line":63,"column":6},"end":{"line":63,"column":25}},{"start":{"line":63,"column":22},"end":{"line":63,"column":25}}]},"12":{"loc":{"start":{"line":66,"column":6},"end":{"line":66,"column":29}},"type":"cond-expr","locations":[{"start":{"line":66,"column":20},"end":{"line":66,"column":23}},{"start":{"line":66,"column":20},"end":{"line":66,"column":29}}]},"13":{"loc":{"start":{"line":66,"column":6},"end":{"line":66,"column":23}},"type":"binary-expr","locations":[{"start":{"line":66,"column":6},"end":{"line":66,"column":23}},{"start":{"line":66,"column":20},"end":{"line":66,"column":23}}]}},"s":{"0":2,"1":2,"2":2,"3":2,"4":2,"5":2,"6":2,"7":2,"8":0,"9":2,"10":2,"11":2,"12":2,"13":0,"14":2,"15":2,"16":2,"17":2,"18":2,"19":2,"20":0,"21":0,"22":0,"23":0,"24":0,"25":0,"26":0,"27":0,"28":0,"29":0,"30":0,"31":0,"32":2},"f":{"0":2,"1":2,"2":2,"3":2,"4":0,"5":0,"6":0},"b":{"0":[2],"1":[2,2],"2":[0],"3":[2,2],"4":[2,0],"5":[0],"6":[2],"7":[2,2],"8":[0,0],"9":[0],"10":[0,0],"11":[0,0],"12":[0,0],"13":[0,0]}}
,"C:\\code\\form_flow\\src\\core\\cache.ts": {"path":"C:\\code\\form_flow\\src\\core\\cache.ts","statementMap":{"0":{"start":{"line":7,"column":21},"end":{"line":18,"column":2}},"1":{"start":{"line":9,"column":17},"end":{"line":9,"column":42}},"2":{"start":{"line":10,"column":4},"end":{"line":10,"column":47}},"3":{"start":{"line":13,"column":4},"end":{"line":13,"column":53}},"4":{"start":{"line":16,"column":4},"end":{"line":16,"column":33}},"5":{"start":{"line":20,"column":0},"end":{"line":20,"column":21}}},"fnMap":{"0":{"name":"(anonymous_0)","decl":{"start":{"line":8,"column":7},"end":{"line":8,"column":8}},"loc":{"start":{"line":8,"column":15},"end":{"line":11,"column":3}}},"1":{"name":"(anonymous_1)","decl":{"start":{"line":12,"column":7},"end":{"line":12,"column":8}},"loc":{"start":{"line":12,"column":22},"end":{"line":14,"column":3}}},"2":{"name":"(anonymous_2)","decl":{"start":{"line":15,"column":9},"end":{"line":15,"column":10}},"loc":{"start":{"line":15,"column":17},"end":{"line":17,"column":3}}}},"branchMap":{"0":{"loc":{"start":{"line":10,"column":11},"end":{"line":10,"column":46}},"type":"cond-expr","locations":[{"start":{"line":10,"column":18},"end":{"line":10,"column":34}},{"start":{"line":10,"column":37},"end":{"line":10,"column":46}}]}},"s":{"0":2,"1":2,"2":2,"3":2,"4":0,"5":2},"f":{"0":2,"1":2,"2":0},"b":{"0":[0,2]}}
,"C:\\code\\form_flow\\src\\hooks\\useMutation.ts": {"path":"C:\\code\\form_flow\\src\\hooks\\useMutation.ts","statementMap":{"0":{"start":{"line":1,"column":0},"end":{"line":1,"column":46}},"1":{"start":{"line":3,"column":27},"end":{"line":35,"column":1}},"2":{"start":{"line":10,"column":26},"end":{"line":10,"column":56}},"3":{"start":{"line":11,"column":28},"end":{"line":11,"column":51}},"4":{"start":{"line":12,"column":36},"end":{"line":12,"column":51}},"5":{"start":{"line":14,"column":17},"end":{"line":31,"column":null}},"6":{"start":{"line":15,"column":28},"end":{"line":30,"column":null}},"7":{"start":{"line":16,"column":6},"end":{"line":16,"column":25}},"8":{"start":{"line":17,"column":6},"end":{"line":29,"column":7}},"9":{"start":{"line":18,"column":23},"end":{"line":18,"column":46}},"10":{"start":{"line":19,"column":8},"end":{"line":19,"column":24}},"11":{"start":{"line":20,"column":8},"end":{"line":20,"column":23}},"12":{"start":{"line":21,"column":8},"end":{"line":21,"column":36}},"13":{"start":{"line":22,"column":8},"end":{"line":22,"column":22}},"14":{"start":{"line":24,"column":8},"end":{"line":24,"column":22}},"15":{"start":{"line":25,"column":8},"end":{"line":25,"column":31}},"16":{"start":{"line":26,"column":8},"end":{"line":26,"column":18}},"17":{"start":{"line":28,"column":8},"end":{"line":28,"column":28}},"18":{"start":{"line":34,"column":2},"end":{"line":34,"column":44}},"19":{"start":{"line":3,"column":13},"end":{"line":3,"column":27}}},"fnMap":{"0":{"name":"(anonymous_7)","decl":{"start":{"line":3,"column":27},"end":{"line":3,"column":null}},"loc":{"start":{"line":9,"column":4},"end":{"line":35,"column":1}}},"1":{"name":"(anonymous_8)","decl":{"start":{"line":15,"column":4},"end":{"line":15,"column":11}},"loc":{"start":{"line":15,"column":28},"end":{"line":30,"column":null}}},"2":{"name":"(anonymous_9)","decl":{"start":{"line":15,"column":28},"end":{"line":15,"column":null}},"loc":{"start":{"line":15,"column":28},"end":{"line":30,"column":5}}}},"branchMap":{"0":{"loc":{"start":{"line":21,"column":8},"end":{"line":21,"column":35}},"type":"cond-expr","locations":[{"start":{"line":21,"column":25},"end":{"line":21,"column":28}},{"start":{"line":21,"column":25},"end":{"line":21,"column":35}}]},"1":{"loc":{"start":{"line":21,"column":8},"end":{"line":21,"column":28}},"type":"binary-expr","locations":[{"start":{"line":21,"column":8},"end":{"line":21,"column":28}},{"start":{"line":21,"column":25},"end":{"line":21,"column":28}}]},"2":{"loc":{"start":{"line":21,"column":8},"end":{"line":21,"column":25}},"type":"cond-expr","locations":[{"start":{"line":21,"column":14},"end":{"line":21,"column":16}},{"start":{"line":21,"column":8},"end":{"line":21,"column":25}}]},"3":{"loc":{"start":{"line":21,"column":8},"end":{"line":21,"column":16}},"type":"binary-expr","locations":[{"start":{"line":21,"column":8},"end":{"line":21,"column":16}},{"start":{"line":21,"column":8},"end":{"line":21,"column":16}}]},"4":{"loc":{"start":{"line":25,"column":8},"end":{"line":25,"column":30}},"type":"cond-expr","locations":[{"start":{"line":25,"column":23},"end":{"line":25,"column":26}},{"start":{"line":25,"column":23},"end":{"line":25,"column":30}}]},"5":{"loc":{"start":{"line":25,"column":8},"end":{"line":25,"column":26}},"type":"binary-expr","locations":[{"start":{"line":25,"column":8},"end":{"line":25,"column":26}},{"start":{"line":25,"column":23},"end":{"line":25,"column":26}}]},"6":{"loc":{"start":{"line":25,"column":8},"end":{"line":25,"column":23}},"type":"cond-expr","locations":[{"start":{"line":25,"column":14},"end":{"line":25,"column":16}},{"start":{"line":25,"column":8},"end":{"line":25,"column":23}}]},"7":{"loc":{"start":{"line":25,"column":8},"end":{"line":25,"column":16}},"type":"binary-expr","locations":[{"start":{"line":25,"column":8},"end":{"line":25,"column":16}},{"start":{"line":25,"column":8},"end":{"line":25,"column":16}}]}},"s":{"0":1,"1":1,"2":2,"3":2,"4":2,"5":2,"6":1,"7":1,"8":1,"9":1,"10":1,"11":1,"12":1,"13":1,"14":0,"15":0,"16":0,"17":1,"18":2,"19":1},"f":{"0":2,"1":1,"2":1},"b":{"0":[1,0],"1":[1,1],"2":[1,0],"3":[1,1],"4":[0,0],"5":[0,0],"6":[0,0],"7":[0,0]}}
,"C:\\code\\form_flow\\src\\hooks\\useQuery.ts": {"path":"C:\\code\\form_flow\\src\\hooks\\useQuery.ts","statementMap":{"0":{"start":{"line":1,"column":0},"end":{"line":1,"column":44}},"1":{"start":{"line":11,"column":24},"end":{"line":32,"column":1}},"2":{"start":{"line":15,"column":26},"end":{"line":15,"column":56}},"3":{"start":{"line":16,"column":36},"end":{"line":16,"column":50}},"4":{"start":{"line":17,"column":28},"end":{"line":17,"column":57}},"5":{"start":{"line":19,"column":20},"end":{"line":25,"column":3}},"6":{"start":{"line":20,"column":4},"end":{"line":20,"column":23}},"7":{"start":{"line":21,"column":4},"end":{"line":24,"column":42}},"8":{"start":{"line":23,"column":22},"end":{"line":23,"column":43}},"9":{"start":{"line":24,"column":21},"end":{"line":24,"column":40}},"10":{"start":{"line":27,"column":2},"end":{"line":29,"column":31}},"11":{"start":{"line":28,"column":4},"end":{"line":28,"column":16}},"12":{"start":{"line":31,"column":2},"end":{"line":31,"column":56}},"13":{"start":{"line":11,"column":13},"end":{"line":11,"column":24}}},"fnMap":{"0":{"name":"(anonymous_0)","decl":{"start":{"line":11,"column":24},"end":{"line":11,"column":null}},"loc":{"start":{"line":14,"column":26},"end":{"line":32,"column":1}}},"1":{"name":"(anonymous_1)","decl":{"start":{"line":19,"column":20},"end":{"line":19,"column":23}},"loc":{"start":{"line":19,"column":25},"end":{"line":25,"column":3}}},"2":{"name":"(anonymous_2)","decl":{"start":{"line":23,"column":13},"end":{"line":23,"column":14}},"loc":{"start":{"line":23,"column":22},"end":{"line":23,"column":43}}},"3":{"name":"(anonymous_3)","decl":{"start":{"line":24,"column":15},"end":{"line":24,"column":18}},"loc":{"start":{"line":24,"column":21},"end":{"line":24,"column":40}}},"4":{"name":"(anonymous_4)","decl":{"start":{"line":27,"column":12},"end":{"line":27,"column":15}},"loc":{"start":{"line":27,"column":17},"end":{"line":29,"column":3}}}},"branchMap":{},"s":{"0":1,"1":1,"2":2,"3":2,"4":2,"5":2,"6":1,"7":1,"8":0,"9":1,"10":2,"11":1,"12":2,"13":1},"f":{"0":2,"1":1,"2":0,"3":1,"4":1},"b":{}}
}
