TN:
SF:src\core\api.ts
FN:5,(anonymous_7)
FN:8,(anonymous_8)
FN:8,(anonymous_9)
FN:18,(anonymous_10)
FN:44,(anonymous_11)
FN:45,(anonymous_12)
FN:45,(anonymous_13)
FNF:7
FNH:4
FNDA:2,(anonymous_7)
FNDA:2,(anonymous_8)
FNDA:2,(anonymous_9)
FNDA:2,(anonymous_10)
FNDA:0,(anonymous_11)
FNDA:0,(anonymous_12)
FNDA:0,(anonymous_13)
DA:2,2
DA:5,2
DA:8,2
DA:9,2
DA:12,2
DA:13,2
DA:14,2
DA:18,2
DA:19,2
DA:23,2
DA:29,2
DA:30,0
DA:33,2
DA:36,2
DA:37,2
DA:40,2
DA:44,2
DA:45,0
DA:46,0
DA:47,0
DA:49,0
DA:58,0
DA:59,0
DA:62,0
DA:63,0
DA:64,0
DA:66,0
DA:67,0
LF:28
LH:16
BRDA:12,0,0,2
BRDA:12,1,0,2
BRDA:12,1,1,2
BRDA:14,2,0,0
BRDA:24,3,0,2
BRDA:24,3,1,2
BRDA:26,4,0,2
BRDA:26,4,1,0
BRDA:29,5,0,0
BRDA:36,6,0,2
BRDA:36,7,0,2
BRDA:36,7,1,2
BRDA:47,8,0,0
BRDA:47,8,1,0
BRDA:58,9,0,0
BRDA:63,10,0,0
BRDA:63,10,1,0
BRDA:63,11,0,0
BRDA:63,11,1,0
BRDA:66,12,0,0
BRDA:66,12,1,0
BRDA:66,13,0,0
BRDA:66,13,1,0
BRF:23
BRH:9
end_of_record
TN:
SF:src\core\cache.ts
FN:8,(anonymous_0)
FN:12,(anonymous_1)
FN:15,(anonymous_2)
FNF:3
FNH:2
FNDA:2,(anonymous_0)
FNDA:2,(anonymous_1)
FNDA:0,(anonymous_2)
DA:7,2
DA:9,2
DA:10,2
DA:13,2
DA:16,0
DA:20,2
LF:6
LH:5
BRDA:10,0,0,0
BRDA:10,0,1,2
BRF:2
BRH:1
end_of_record
TN:
SF:src\hooks\useMutation.ts
FN:3,(anonymous_7)
FN:15,(anonymous_8)
FN:15,(anonymous_9)
FNF:3
FNH:3
FNDA:2,(anonymous_7)
FNDA:1,(anonymous_8)
FNDA:1,(anonymous_9)
DA:1,1
DA:3,1
DA:10,2
DA:11,2
DA:12,2
DA:14,2
DA:15,1
DA:16,1
DA:17,1
DA:18,1
DA:19,1
DA:20,1
DA:21,1
DA:22,1
DA:24,0
DA:25,0
DA:26,0
DA:28,1
DA:34,2
LF:19
LH:16
BRDA:21,0,0,1
BRDA:21,0,1,0
BRDA:21,1,0,1
BRDA:21,1,1,1
BRDA:21,2,0,1
BRDA:21,2,1,0
BRDA:21,3,0,1
BRDA:21,3,1,1
BRDA:25,4,0,0
BRDA:25,4,1,0
BRDA:25,5,0,0
BRDA:25,5,1,0
BRDA:25,6,0,0
BRDA:25,6,1,0
BRDA:25,7,0,0
BRDA:25,7,1,0
BRF:16
BRH:6
end_of_record
TN:
SF:src\hooks\useQuery.ts
FN:11,(anonymous_0)
FN:19,(anonymous_1)
FN:23,(anonymous_2)
FN:24,(anonymous_3)
FN:27,(anonymous_4)
FNF:5
FNH:4
FNDA:2,(anonymous_0)
FNDA:1,(anonymous_1)
FNDA:0,(anonymous_2)
FNDA:1,(anonymous_3)
FNDA:1,(anonymous_4)
DA:1,1
DA:11,1
DA:15,2
DA:16,2
DA:17,2
DA:19,2
DA:20,1
DA:21,1
DA:23,0
DA:24,1
DA:27,2
DA:28,1
DA:31,2
LF:13
LH:12
BRF:0
BRH:0
end_of_record
